2026-04-08 10:00:36,566 [INFO] ==================================================
2026-04-08 10:00:36,566 [INFO] Server starting...
2026-04-08 10:00:36,566 [INFO] Python: 3.12.3 (tags/v3.12.3:f6650f9, Apr  9 2024, 14:05:25) [MSC v.1938 64 bit (AMD64)]
2026-04-08 10:00:36,568 [INFO] CWD: C:\Users\Naman\paper-trading\backend
2026-04-08 10:00:36,698 [INFO] Path setup done
2026-04-08 10:00:38,651 [INFO] Python version: 3.12.3 (tags/v3.12.3:f6650f9, Apr  9 2024, 14:05:25) [MSC v.1938 64 bit (AMD64)]
2026-04-08 10:00:40,316 [INFO] Config loaded: BTCUSDT (1m)
2026-04-08 10:00:40,335 [INFO] Main module imported
2026-04-08 10:00:40,392 [INFO] Uvicorn imported
2026-04-08 10:00:40,392 [INFO] Starting uvicorn on 127.0.0.1:8000
2026-04-08 10:00:40,527 [INFO] Starting paper trading system (live mode)...
2026-04-08 10:00:40,574 [INFO] Database initialized
2026-04-08 10:00:40,586 [INFO] Paper trading engine initialized with 5 strategies
2026-04-08 10:00:40,596 [INFO] Binance client created (live mode)
2026-04-08 10:00:40,616 [INFO] Live streams task started (warmup + dual stream)
2026-04-08 10:00:40,623 [INFO] Adding job tentatively -- it will be properly scheduled when the scheduler starts
2026-04-08 10:00:40,626 [INFO] Added job "lifespan.<locals>.sl_tp_check_job" to job store "default"
2026-04-08 10:00:40,627 [INFO] Scheduler started
2026-04-08 10:00:40,627 [INFO] Scheduler started
2026-04-08 10:00:40,627 [INFO] ========================================
2026-04-08 10:00:40,628 [INFO] System started in LIVE mode!
2026-04-08 10:00:40,628 [INFO] ========================================
2026-04-08 10:00:40,866 [INFO] SSE client connected (total: 1)
2026-04-08 10:00:42,645 [INFO] Running job "lifespan.<locals>.sl_tp_check_job (trigger: interval[0:00:02], next run at: 2026-04-08 10:00:44 PDT)" (scheduled at 2026-04-08 10:00:42.623108-07:00)
2026-04-08 10:00:42,646 [INFO] Job "lifespan.<locals>.sl_tp_check_job (trigger: interval[0:00:02], next run at: 2026-04-08 10:00:44 PDT)" executed successfully
2026-04-08 10:00:44,636 [INFO] Running job "lifespan.<locals>.sl_tp_check_job (trigger: interval[0:00:02], next run at: 2026-04-08 10:00:46 PDT)" (scheduled at 2026-04-08 10:00:44.623108-07:00)
2026-04-08 10:00:44,636 [INFO] Job "lifespan.<locals>.sl_tp_check_job (trigger: interval[0:00:02], next run at: 2026-04-08 10:00:46 PDT)" executed successfully
2026-04-08 10:00:46,636 [INFO] Running job "lifespan.<locals>.sl_tp_check_job (trigger: interval[0:00:02], next run at: 2026-04-08 10:00:48 PDT)" (scheduled at 2026-04-08 10:00:46.623108-07:00)
2026-04-08 10:00:46,636 [INFO] Job "lifespan.<locals>.sl_tp_check_job (trigger: interval[0:00:02], next run at: 2026-04-08 10:00:48 PDT)" executed successfully
2026-04-08 10:00:48,644 [INFO] Running job "lifespan.<locals>.sl_tp_check_job (trigger: interval[0:00:02], next run at: 2026-04-08 10:00:50 PDT)" (scheduled at 2026-04-08 10:00:48.623108-07:00)
2026-04-08 10:00:48,644 [INFO] Job "lifespan.<locals>.sl_tp_check_job (trigger: interval[0:00:02], next run at: 2026-04-08 10:00:50 PDT)" executed successfully
2026-04-08 10:00:50,637 [INFO] Running job "lifespan.<locals>.sl_tp_check_job (trigger: interval[0:00:02], next run at: 2026-04-08 10:00:52 PDT)" (scheduled at 2026-04-08 10:00:50.623108-07:00)
2026-04-08 10:00:50,637 [INFO] Job "lifespan.<locals>.sl_tp_check_job (trigger: interval[0:00:02], next run at: 2026-04-08 10:00:52 PDT)" executed successfully
